<?xml version="1.0" encoding="UTF-8"?>
<testng-results ignored="0" total="1" passed="1" failed="0" skipped="0">
  <reporter-output>
  </reporter-output>
  <suite started-at="2022-01-18T19:10:48 IST" name="Default suite" finished-at="2022-01-18T19:12:57 IST" duration-ms="129541">
    <groups>
    </groups>
    <test started-at="2022-01-18T19:10:48 IST" name="Default test" finished-at="2022-01-18T19:12:57 IST" duration-ms="129541">
      <class name="VerifyExe">
        <test-method is-config="true" signature="openBrowser()[pri:0, instance:VerifyExe@62230c58]" started-at="2022-01-18T19:10:48 IST" name="openBrowser" finished-at="2022-01-18T19:11:25 IST" duration-ms="36807" status="PASS">
          <reporter-output>
          </reporter-output>
        </test-method> <!-- openBrowser -->
        <test-method is-config="true" signature="loginToApplication()[pri:0, instance:VerifyExe@62230c58]" started-at="2022-01-18T19:11:25 IST" name="loginToApplication" finished-at="2022-01-18T19:11:27 IST" duration-ms="2264" status="PASS">
          <reporter-output>
          </reporter-output>
        </test-method> <!-- loginToApplication -->
        <test-method signature="verifyFile()[pri:0, instance:VerifyExe@62230c58]" started-at="2022-01-18T19:11:27 IST" name="verifyFile" finished-at="2022-01-18T19:12:57 IST" duration-ms="90106" status="PASS">
          <reporter-output>
          </reporter-output>
        </test-method> <!-- verifyFile -->
        <test-method is-config="true" signature="logout()[pri:0, instance:VerifyExe@62230c58]" started-at="2022-01-18T19:12:57 IST" name="logout" finished-at="2022-01-18T19:12:57 IST" duration-ms="1" status="PASS">
          <reporter-output>
          </reporter-output>
        </test-method> <!-- logout -->
        <test-method is-config="true" signature="closeBrowser()[pri:0, instance:VerifyExe@62230c58]" started-at="2022-01-18T19:12:57 IST" name="closeBrowser" finished-at="2022-01-18T19:12:57 IST" duration-ms="316" status="PASS">
          <reporter-output>
          </reporter-output>
        </test-method> <!-- closeBrowser -->
      </class> <!-- VerifyExe -->
    </test> <!-- Default test -->
  </suite> <!-- Default suite -->
</testng-results>
