<?xml version="1.0" encoding="UTF-8"?>
<testng-results ignored="0" total="1" passed="1" failed="0" skipped="0">
  <reporter-output>
  </reporter-output>
  <suite started-at="2021-12-07T20:39:38 IST" name="Default suite" finished-at="2021-12-07T20:41:20 IST" duration-ms="101792">
    <groups>
    </groups>
    <test started-at="2021-12-07T20:39:38 IST" name="Default test" finished-at="2021-12-07T20:41:20 IST" duration-ms="101792">
      <class name="StartTheGame">
        <test-method is-config="true" signature="openBrowser()[pri:0, instance:StartTheGame@79da8dc5]" started-at="2021-12-07T20:39:39 IST" name="openBrowser" finished-at="2021-12-07T20:39:44 IST" duration-ms="5889" status="PASS">
          <reporter-output>
          </reporter-output>
        </test-method> <!-- openBrowser -->
        <test-method signature="test2()[pri:0, instance:StartTheGame@79da8dc5]" started-at="2021-12-07T20:39:44 IST" name="test2" finished-at="2021-12-07T20:41:20 IST" duration-ms="95858" status="PASS">
          <reporter-output>
          </reporter-output>
        </test-method> <!-- test2 -->
        <test-method is-config="true" signature="closeBrowser()[pri:0, instance:StartTheGame@79da8dc5]" started-at="2021-12-07T20:41:20 IST" name="closeBrowser" finished-at="2021-12-07T20:41:20 IST" duration-ms="1" status="PASS">
          <reporter-output>
          </reporter-output>
        </test-method> <!-- closeBrowser -->
      </class> <!-- StartTheGame -->
    </test> <!-- Default test -->
  </suite> <!-- Default suite -->
</testng-results>
